This is pdfTeX, Version 3.141592653-2.6-1.40.24 (MiKTeX 22.10) (preloaded format=pdflatex 2022.11.4)  7 FEB 2023 17:13
entering extended mode
 restricted \write18 enabled.
 %&-line parsing enabled.
**./APTE_MOHIT_PARAG_112103012_Div1_S1_DTLassignment5.tex
(APTE_MOHIT_PARAG_112103012_Div1_S1_DTLassignment5.tex
LaTeX2e <2022-06-01> patch level 5
L3 programming layer <2022-09-28> (C:\Miktex\tex/latex/base\article.cls
Document Class: article 2021/10/04 v1.4n Standard LaTeX document class
(C:\Miktex\tex/latex/base\size10.clo
File: size10.clo 2021/10/04 v1.4n Standard LaTeX file (size option)
)
\c@part=\count185
\c@section=\count186
\c@subsection=\count187
\c@subsubsection=\count188
\c@paragraph=\count189
\c@subparagraph=\count190
\c@figure=\count191
\c@table=\count192
\abovecaptionskip=\skip47
\belowcaptionskip=\skip48
\bibindent=\dimen138
) (C:\Miktex\tex/latex/tools\multicol.sty
Package: multicol 2021/11/30 v1.9d multicolumn formatting (FMi)
\c@tracingmulticols=\count193
\mult@box=\box51
\multicol@leftmargin=\dimen139
\c@unbalance=\count194
\c@collectmore=\count195
\doublecol@number=\count196
\multicoltolerance=\count197
\multicolpretolerance=\count198
\full@width=\dimen140
\page@free=\dimen141
\premulticols=\dimen142
\postmulticols=\dimen143
\multicolsep=\skip49
\multicolbaselineskip=\skip50
\partial@page=\box52
\last@line=\box53
\maxbalancingoverflow=\dimen144
\mult@rightbox=\box54
\mult@grightbox=\box55
\mult@firstbox=\box56
\mult@gfirstbox=\box57
\@tempa=\box58
\@tempa=\box59
\@tempa=\box60
\@tempa=\box61
\@tempa=\box62
\@tempa=\box63
\@tempa=\box64
\@tempa=\box65
\@tempa=\box66
\@tempa=\box67
\@tempa=\box68
\@tempa=\box69
\@tempa=\box70
\@tempa=\box71
\@tempa=\box72
\@tempa=\box73
\@tempa=\box74
\@tempa=\box75
\@tempa=\box76
\@tempa=\box77
\@tempa=\box78
\@tempa=\box79
\@tempa=\box80
\@tempa=\box81
\@tempa=\box82
\@tempa=\box83
\@tempa=\box84
\@tempa=\box85
\@tempa=\box86
\@tempa=\box87
\@tempa=\box88
\@tempa=\box89
\@tempa=\box90
\@tempa=\box91
\@tempa=\box92
\@tempa=\box93
\c@minrows=\count199
\c@columnbadness=\count266
\c@finalcolumnbadness=\count267
\last@try=\dimen145
\multicolovershoot=\dimen146
\multicolundershoot=\dimen147
\mult@nat@firstbox=\box94
\colbreak@box=\box95
\mc@col@check@num=\count268
) (C:\Miktex\tex/latex/graphics\graphicx.sty
Package: graphicx 2021/09/16 v1.2d Enhanced LaTeX Graphics (DPC,SPQR)

(C:\Miktex\tex/latex/graphics\keyval.sty
Package: keyval 2022/05/29 v1.15 key=value parser (DPC)
\KV@toks@=\toks16
)
(C:\Miktex\tex/latex/graphics\graphics.sty
Package: graphics 2022/03/10 v1.4e Standard LaTeX Graphics (DPC,SPQR)

(C:\Miktex\tex/latex/graphics\trig.sty
Package: trig 2021/08/11 v1.11 sin cos tan (DPC)
)
(C:\Miktex\tex/latex/graphics-cfg\graphics.cfg
File: graphics.cfg 2016/06/04 v1.11 sample graphics configuration
)
Package graphics Info: Driver file: pdftex.def on input line 107.

(C:\Miktex\tex/latex/graphics-def\pdftex.def
File: pdftex.def 2022/09/22 v1.2b Graphics/color driver for pdftex
\stockwidth=\dimen148
\stockheight=\dimen149
))
\Gin@req@height=\dimen150
\Gin@req@width=\dimen151
)
(C:\Miktex\tex/latex/csvsimple\csvsimple.sty
(C:\Miktex\tex/latex/l3packages/l3keys2e\l3keys2e.sty
(C:\Miktex\tex/latex/l3kernel\expl3.sty
Package: expl3 2022-09-28 L3 programming layer (loader) 

(C:\Miktex\tex/latex/l3backend\l3backend-pdftex.def
File: l3backend-pdftex.def 2022-09-28 L3 backend support: PDF output (pdfTeX)
\l__color_backend_stack_int=\count269
\l__pdf_internal_box=\box96
))
Package: l3keys2e 2022-06-22 LaTeX2e option processing using LaTeX3 keys
)
Package: csvsimple 2022/09/20 v2.3.2 LaTeX CSV file processing
)
(C:\Miktex\tex/latex/csvsimple\csvsimple-legacy.sty
Package: csvsimple-legacy 2022/09/20 version 2.3.2 LaTeX2e CSV file processing

(C:\Miktex\tex/latex/pgf/utilities\pgfrcs.sty
(C:\Miktex\tex/generic/pgf/utilities\pgfutil-common.tex
\pgfutil@everybye=\toks17
\pgfutil@tempdima=\dimen152
\pgfutil@tempdimb=\dimen153

(C:\Miktex\tex/generic/pgf/utilities\pgfutil-common-lists.tex))
(C:\Miktex\tex/generic/pgf/utilities\pgfutil-latex.def
\pgfutil@abb=\box97
)
(C:\Miktex\tex/generic/pgf/utilities\pgfrcs.code.tex
(C:\Miktex\tex/generic/pgf\pgf.revision.tex)
Package: pgfrcs 2021/05/15 v3.1.9a (3.1.9a)
))
(C:\Miktex\tex/latex/pgf/utilities\pgfkeys.sty
(C:\Miktex\tex/generic/pgf/utilities\pgfkeys.code.tex
\pgfkeys@pathtoks=\toks18
\pgfkeys@temptoks=\toks19

(C:\Miktex\tex/generic/pgf/utilities\pgfkeysfiltered.code.tex
\pgfkeys@tmptoks=\toks20
)))
(C:\Miktex\tex/latex/base\ifthen.sty
Package: ifthen 2022/04/13 v1.1d Standard LaTeX ifthen package (DPC)
)
(C:\Miktex\tex/latex/etoolbox\etoolbox.sty
Package: etoolbox 2020/10/05 v2.5k e-TeX tools for LaTeX (JAW)
\etb@tempcnta=\count270
)
(C:\Miktex\tex/latex/tools\shellesc.sty
Package: shellesc 2019/11/08 v1.0c unified shell escape interface for LaTeX
Package shellesc Info: Restricted shell escape enabled on input line 77.
)
\csv@file=\read2
\c@csvinputline=\count271
\c@csvrow=\count272
\c@csvcol=\count273
\csv@out=\write3
)
(APTE_MOHIT_PARAG_112103012_Div1_S1_DTLassignment5.aux)
\openout1 = `APTE_MOHIT_PARAG_112103012_Div1_S1_DTLassignment5.aux'.

LaTeX Font Info:    Checking defaults for OML/cmm/m/it on input line 8.
LaTeX Font Info:    ... okay on input line 8.
LaTeX Font Info:    Checking defaults for OMS/cmsy/m/n on input line 8.
LaTeX Font Info:    ... okay on input line 8.
LaTeX Font Info:    Checking defaults for OT1/cmr/m/n on input line 8.
LaTeX Font Info:    ... okay on input line 8.
LaTeX Font Info:    Checking defaults for T1/cmr/m/n on input line 8.
LaTeX Font Info:    ... okay on input line 8.
LaTeX Font Info:    Checking defaults for TS1/cmr/m/n on input line 8.
LaTeX Font Info:    ... okay on input line 8.
LaTeX Font Info:    Checking defaults for OMX/cmex/m/n on input line 8.
LaTeX Font Info:    ... okay on input line 8.
LaTeX Font Info:    Checking defaults for U/cmr/m/n on input line 8.
LaTeX Font Info:    ... okay on input line 8.

(C:\Miktex\tex/context/base/mkii\supp-pdf.mkii
[Loading MPS to PDF converter (version 2006.09.02).]
\scratchcounter=\count274
\scratchdimen=\dimen154
\scratchbox=\box98
\nofMPsegments=\count275
\nofMParguments=\count276
\everyMPshowfont=\toks21
\MPscratchCnt=\count277
\MPscratchDim=\dimen155
\MPnumerator=\count278
\makeMPintoPDFobject=\count279
\everyMPtoPDFconversion=\toks22
) (C:\Miktex\tex/latex/epstopdf-pkg\epstopdf-base.sty
Package: epstopdf-base 2020-01-24 v2.11 Base part for package epstopdf
Package epstopdf-base Info: Redefining graphics rule for `.eps' on input line 4
85.

(C:\Miktex\tex/latex/00miktex\epstopdf-sys.cfg
File: epstopdf-sys.cfg 2021/03/18 v2.0 Configuration of epstopdf for MiKTeX
))
LaTeX Font Info:    External font `cmex10' loaded for size
(Font)              <12> on input line 9.
LaTeX Font Info:    External font `cmex10' loaded for size
(Font)              <8> on input line 9.
LaTeX Font Info:    External font `cmex10' loaded for size
(Font)              <6> on input line 9.
 [1

{C:/Users/mohit/AppData/Local/MiKTeX/fonts/map/pdftex/pdftex.map}]
Underfull \hbox (badness 10000) in paragraph at lines 45--51

 []


Underfull \hbox (badness 10000) in paragraph at lines 51--141

 []


Underfull \hbox (badness 10000) in paragraph at lines 51--141

 []

[2] [3]
<./images//stock.jpeg, id=17, 197.73875pt x 123.46124pt>
File: ./images//stock.jpeg Graphic file (type jpg)
<use ./images//stock.jpeg>
Package pdftex.def Info: ./images//stock.jpeg  used on input line 174.
(pdftex.def)             Requested size: 345.0pt x 215.4255pt.
<./images//stock3.jpg, id=18, 1505.625pt x 1022.82124pt>
File: ./images//stock3.jpg Graphic file (type jpg)
<use ./images//stock3.jpg>
Package pdftex.def Info: ./images//stock3.jpg  used on input line 175.
(pdftex.def)             Requested size: 345.0pt x 234.36995pt.
 [4 <./images//stock.jpeg>] [5 <./images//stock3.jpg>]
(APTE_MOHIT_PARAG_112103012_Div1_S1_DTLassignment5.aux) ) 
Here is how much of TeX's memory you used:
 3226 strings out of 475385
 63665 string characters out of 2793322
 416232 words of memory out of 3000000
 24579 multiletter control sequences out of 15000+600000
 473849 words of font info for 43 fonts, out of 8000000 for 9000
 1141 hyphenation exceptions out of 8191
 72i,6n,77p,347b,239s stack positions out of 10000i,1000n,20000p,200000b,80000s
 <C:\Users\mohit\AppDa
ta\Local\MiKTeX\fonts/pk/ljfour/jknappen/ec/dpi600\tcrm1000.pk><C:/Miktex/fonts
/type1/public/amsfonts/cm/cmbx10.pfb><C:/Miktex/fonts/type1/public/amsfonts/cm/
cmbx12.pfb><C:/Miktex/fonts/type1/public/amsfonts/cm/cmr10.pfb><C:/Miktex/fonts
/type1/public/amsfonts/cm/cmr12.pfb><C:/Miktex/fonts/type1/public/amsfonts/cm/c
mr17.pfb>
Output written on APTE_MOHIT_PARAG_112103012_Div1_S1_DTLassignment5.pdf (5 page
s, 221733 bytes).
PDF statistics:
 50 PDF objects out of 1000 (max. 8388607)
 0 named destinations out of 1000 (max. 500000)
 11 words of extra memory for PDF output out of 10000 (max. 10000000)

